start to work on small datasets
loss for A is 0.12922743176541743, maxdepth is 27
loss for B is 0.17038894121686585, maxdepth is 30
loss for C is 0.42950652483645957, maxdepth is 25
loss for D is 0.036847912682291484, maxdepth is 48
loss for E is 0.05318966547558839, maxdepth is 41
loss for F is 0.22208519580508762, maxdepth is 30
loss for G is 0.019735901465715834, maxdepth is 46
loss for H is 0.12290487237224884, maxdepth is 40
loss for I is 0.2063103649946208, maxdepth is 41
loss for J is 0.6652051527307208, maxdepth is 15
loss for K is 0.6742128842675251, maxdepth is 16
loss for L is 0.7745346855615284, maxdepth is 16
loss for M is 0.5632860944008471, maxdepth is 11
loss for N is 0.5816147561300773, maxdepth is 12
loss for O is 0.6676364508713258, maxdepth is 13
loss for P is 0.5491447931973822, maxdepth is 10
loss for Q is 0.6003669187282044, maxdepth is 12
loss for R is 0.5269765327988163, maxdepth is 37
final avg loss is 0.38851
Traceback (most recent call last):
  File "play_yuxi.py", line 112, in <module>
    outdf.to_csv('submission_{}_pd{}.csv'.format(trainfolder,polydegree),index_label='id')
  File "/home/hongy0a/miniconda3/lib/python3.8/site-packages/pandas/core/generic.py", line 3170, in to_csv
    formatter.save()
  File "/home/hongy0a/miniconda3/lib/python3.8/site-packages/pandas/io/formats/csvs.py", line 185, in save
    f, handles = get_handle(
  File "/home/hongy0a/miniconda3/lib/python3.8/site-packages/pandas/io/common.py", line 493, in get_handle
    f = open(path_or_buf, mode, encoding=encoding, errors=errors, newline="")
FileNotFoundError: [Errno 2] No such file or directory: 'submission_small_datasets/_pd4.csv'
start to work on small datasets
